[15:22:17] [main/INFO]: Loading Minecraft 1.21.11 with Fabric Loader 0.18.6
[15:22:17] [main/INFO]: Loading 90 mods:
	- crystallized-beacons 1.0.0
	- fabric-api 0.141.3+1.21.11
	   |-- fabric-api-base 1.0.5+4ebb5c083e
	   |-- fabric-api-lookup-api-v1 1.6.114+20dc27073e
	   |-- fabric-biome-api-v1 17.1.1+4fc5413f3e
	   |-- fabric-block-api-v1 1.1.10+4ebb5c083e
	   |-- fabric-block-view-api-v2 1.0.39+4ebb5c083e
	   |-- fabric-command-api-v2 2.4.7+6b42a6003e
	   |-- fabric-content-registries-v0 10.2.14+4fc5413f3e
	   |-- fabric-convention-tags-v1 2.1.55+7f945d5b3e
	   |-- fabric-convention-tags-v2 2.17.3+8ef948ba3e
	   |-- fabric-crash-report-info-v1 0.3.23+4ebb5c083e
	   |-- fabric-data-attachment-api-v1 1.8.47+eed0806f3e
	   |-- fabric-data-generation-api-v1 23.4.0+69974c4e3e
	   |-- fabric-dimensions-v1 4.0.28+4fc5413f3e
	   |-- fabric-entity-events-v1 3.1.1+1d0ab4303e
	   |-- fabric-events-interaction-v0 4.1.0+3b89ecf63e
	   |-- fabric-game-rule-api-v1 2.0.3+4fc5413f3e
	   |-- fabric-item-api-v1 11.5.20+d0c46b9e3e
	   |-- fabric-item-group-api-v1 4.2.36+4fc5413f3e
	   |-- fabric-key-binding-api-v1 1.1.7+4fc5413f3e
	   |-- fabric-lifecycle-events-v1 2.6.15+4ebb5c083e
	   |-- fabric-loot-api-v2 3.0.73+3f89f5a53e
	   |-- fabric-loot-api-v3 2.0.20+78c8b4663e
	   |-- fabric-message-api-v1 6.1.12+4ebb5c083e
	   |-- fabric-model-loading-api-v1 6.0.15+4fc5413f3e
	   |-- fabric-networking-api-v1 5.1.5+ae1e07683e
	   |-- fabric-object-builder-api-v1 21.1.39+4fc5413f3e
	   |-- fabric-particles-v1 4.2.11+4fc5413f3e
	   |-- fabric-recipe-api-v1 8.2.3+4ebb5c083e
	   |-- fabric-registry-sync-v0 6.2.5+1718722b3e
	   |-- fabric-renderer-api-v1 8.0.3+f4ffd2e53e
	   |-- fabric-renderer-indigo 5.0.3+f4ffd2e53e
	   |-- fabric-rendering-fluids-v1 3.1.43+4ebb5c083e
	   |-- fabric-rendering-v1 16.2.10+0290ad933e
	   |-- fabric-resource-conditions-api-v1 5.0.35+4fc5413f3e
	   |-- fabric-resource-loader-v0 3.3.4+4fc5413f3e
	   |-- fabric-resource-loader-v1 1.0.10+78c8b4663e
	   |-- fabric-screen-api-v1 3.1.7+4ebb5c083e
	   |-- fabric-screen-handler-api-v1 1.3.161+4fc5413f3e
	   |-- fabric-serialization-api-v1 1.0.5+4ebb5c083e
	   |-- fabric-sound-api-v1 1.0.51+4fc5413f3e
	   |-- fabric-tag-api-v1 1.2.20+4fc5413f3e
	   |-- fabric-transfer-api-v1 6.0.25+4fc5413f3e
	   \-- fabric-transitive-access-wideners-v1 7.1.0+014c8cec3e
	- fabricloader 0.18.6
	   \-- mixinextras 0.5.3
	- floodgate 2.2.6-SNAPSHOT
	   |-- aopalliance_aopalliance 1.0
	   |-- cloud 2.0.0-beta.15
	   |    |-- io_leangen_geantyref_geantyref 1.3.15
	   |    |-- org_incendo_cloud-brigadier 2.0.0-beta.14
	   |    |-- org_incendo_cloud-core 2.0.0
	   |    |-- org_incendo_cloud-minecraft-modded-common-fabric-repack 2.0.0-beta.15
	   |    \-- org_incendo_cloud-services 2.0.0
	   |-- com_google_guava_failureaccess 1.0.1
	   |-- fabric-permissions-api-v0 0.6.1
	   |-- jakarta_inject_jakarta_inject-api 2.0.1
	   |-- javax_inject_javax_inject 1
	   |-- org_geysermc_cumulus_cumulus 1.1.2
	   |-- org_geysermc_event_events 1.1-SNAPSHOT
	   |-- org_geysermc_geyser_common_unshaded 2.2.1-SNAPSHOT
	   |-- org_java-websocket_java-websocket 1.5.2
	   \-- org_lanternpowered_lmbda 2.0.0
	- geyser-fabric 2.9.5-SNAPSHOT
	   |-- cloud 2.0.0-beta.15
	   |    |-- io_leangen_geantyref_geantyref 1.3.15
	   |    |-- org_incendo_cloud-brigadier 2.0.0-beta.14
	   |    |-- org_incendo_cloud-core 2.0.0
	   |    |-- org_incendo_cloud-minecraft-modded-common-fabric-repack 2.0.0-beta.15
	   |    \-- org_incendo_cloud-services 2.0.0
	   |-- com_google_code_findbugs_jsr305 3.0.2
	   |-- com_google_errorprone_error_prone_annotations 2.27.0
	   |-- com_google_j2objc_j2objc-annotations 1.3
	   |-- com_nukkitx_natives 1.0.3
	   |-- fabric-permissions-api-v0 0.6.1
	   |-- io_airlift_aircompressor 0.27
	   |-- io_netty_netty-codec-haproxy 4.2.7
	   |-- net_jodah_expiringmap 0.5.10
	   |-- net_kyori_adventure-api 4.25.0
	   |-- net_kyori_adventure-key 4.25.0
	   |-- net_kyori_adventure-nbt 4.25.0
	   |-- net_kyori_adventure-text-serializer-commons 4.25.0
	   |-- net_kyori_adventure-text-serializer-gson 4.25.0
	   |-- net_kyori_adventure-text-serializer-json 4.25.0
	   |-- net_kyori_adventure-text-serializer-json-legacy-impl 4.25.0
	   |-- net_kyori_adventure-text-serializer-legacy 4.25.0
	   |-- net_kyori_adventure-text-serializer-plain 4.25.0
	   |-- net_kyori_examination-api 1.3.0
	   |-- net_kyori_examination-string 1.3.0
	   |-- net_kyori_option 1.1.0
	   |-- net_lenni0451_commons_gson 1.9.0
	   |-- net_lenni0451_commons_httpclient 1.9.0
	   |-- net_raphimc_minecraftauth 5.0.0
	   |-- org_bitbucket_b_c_jose4j 0.9.6
	   |-- org_bstats_bstats-base 3.1.0
	   |-- org_cloudburstmc_math_api 2.0
	   |-- org_cloudburstmc_math_immutable 2.0
	   |-- org_cloudburstmc_nbt 3.0.4
	   |-- org_geysermc_api_base-api 1.0.2
	   |-- org_geysermc_cumulus_cumulus 1.1.2
	   |-- org_geysermc_event_events 1.1-SNAPSHOT
	   |-- org_jetbrains_annotations 24.0.0
	   |-- org_lanternpowered_lmbda 2.0.0
	   \-- org_yaml_snakeyaml 2.2
	- java 25
	- minecraft 1.21.11
[15:22:17] [main/INFO]: SpongePowered MIXIN Subsystem Version=0.8.7 Source=file:/home/princ/GitHub/minecraft-server/libraries/net/fabricmc/sponge-mixin/0.17.0+mixin.0.8.7/sponge-mixin-0.17.0+mixin.0.8.7.jar Service=Knot/Fabric Env=SERVER
[15:22:18] [main/INFO]: Compatibility level set to JAVA_21
[15:22:19] [main/INFO]: Initializing MixinExtras via com.llamalad7.mixinextras.service.MixinExtrasServiceImpl(version=0.5.3).
[15:22:38] [main/INFO]: Loading extensions...
[15:22:38] [main/INFO]: Loaded 0 extension(s)
[15:22:40] [main/INFO]: Environment: Environment[sessionHost=https://sessionserver.mojang.com, servicesHost=https://api.minecraftservices.com, profilesHost=https://api.mojang.com, name=PROD]
[15:22:46] [main/INFO]: Loaded 1470 recipes
[15:22:46] [main/INFO]: Loaded 1584 advancements
[15:22:46] [main/INFO]: Applied 0 biome modifications to 0 of 65 new biomes in 2.506 ms
[15:22:46] [Server thread/INFO]: Starting minecraft server version 1.21.11
[15:22:46] [Server thread/INFO]: Loading properties
[15:22:46] [Server thread/INFO]: Default game type: SURVIVAL
[15:22:46] [Server thread/INFO]: Generating keypair
[15:22:46] [Server thread/INFO]: Starting Minecraft server on *:25565
[15:22:47] [Server thread/INFO]: Preparing level "world"
[15:22:48] [Server thread/INFO]: Loading 0 persistent chunks...
[15:22:48] [Server thread/INFO]: Preparing spawn area: 100%
[15:22:48] [Server thread/INFO]: Time elapsed: 163 ms
[15:22:48] [Server thread/INFO]: Done (1.514s)! For help, type "help"
[15:22:49] [Server thread/INFO]: Took 139ms to boot Floodgate
[15:22:50] [Server thread/INFO]: ******************************************
[15:22:50] [Server thread/INFO]: 
[15:22:50] [Server thread/INFO]: Loading Geyser version 2.9.5-b1109 (git-master-f6b0c78)
[15:22:50] [Server thread/INFO]: 
[15:22:50] [Server thread/INFO]: ******************************************
[15:22:50] [User Authenticator #1/INFO]: UUID of player Omnixerion is 43e3b67b-688b-4dae-b2f2-4e986c951ce0
[15:22:57] [GeyserServer-3-1/INFO]: Started Geyser on UDP port 25565
[15:22:57] [Server thread/INFO]: Done (7.574s)! Run /geyser help for help!
[15:22:57] [Server thread/WARN]: Can't keep up! Is the server overloaded? Running 8863ms or 177 ticks behind
[15:22:57] [Server thread/INFO]: Omnixerion (/127.64.223.250:34953) lost connection: Disconnected
[15:23:05] [User Authenticator #2/INFO]: UUID of player Omnixerion is 43e3b67b-688b-4dae-b2f2-4e986c951ce0
[15:23:25] [User Authenticator #3/INFO]: UUID of player PrincParshia is f05d43d8-36d0-446e-8b30-3f4573269fff
[15:23:27] [Server thread/INFO]: PrincParshia[/127.0.0.1:42974] logged in with entity id 35 at (-68.44846660087654, 84.0, 83.2470743199774)
[15:23:27] [Server thread/INFO]: PrincParshia joined the game
[15:23:34] [Server thread/WARN]: Can't keep up! Is the server overloaded? Running 2063ms or 41 ticks behind
[15:23:38] [Server thread/INFO]: Omnixerion (43e3b67b-688b-4dae-b2f2-4e986c951ce0) lost connection: Timed out
[15:23:45] [User Authenticator #4/INFO]: UUID of player Omnixerion is 43e3b67b-688b-4dae-b2f2-4e986c951ce0
[15:24:16] [Server thread/INFO]: Omnixerion (43e3b67b-688b-4dae-b2f2-4e986c951ce0) lost connection: Timed out
[15:24:21] [User Authenticator #5/INFO]: UUID of player Omnixerion is 43e3b67b-688b-4dae-b2f2-4e986c951ce0
[15:24:52] [Server thread/INFO]: Omnixerion (43e3b67b-688b-4dae-b2f2-4e986c951ce0) lost connection: Timed out
[15:24:58] [User Authenticator #6/INFO]: UUID of player Omnixerion is 43e3b67b-688b-4dae-b2f2-4e986c951ce0
[15:25:05] [Server thread/INFO]: Omnixerion[/127.158.105.242:34875] logged in with entity id 363 at (-56.73097181866857, 80.0, 83.26342667626156)
[15:25:05] [Server thread/INFO]: Omnixerion joined the game
[15:27:20] [User Authenticator #7/INFO]: UUID of player Omnixerion is 43e3b67b-688b-4dae-b2f2-4e986c951ce0
[15:27:20] [Server thread/INFO]: Omnixerion lost connection: You logged in from another location
[15:27:20] [Server thread/INFO]: Omnixerion left the game
[15:27:23] [Server thread/INFO]: Omnixerion[/127.75.169.183:47055] logged in with entity id 632 at (-62.384864661071965, 81.0, 84.30000001192093)
[15:27:23] [Server thread/INFO]: Omnixerion joined the game
[15:27:46] [Server thread/INFO]: <PrincParshia> who logged from ur acc
[15:27:52] [Server thread/INFO]: <PrincParshia> console says
[15:28:01] [Server thread/INFO]: <Omnixerion> me
[15:28:15] [Server thread/INFO]: <Omnixerion> Because phone was too laggy
[15:28:28] [Server thread/INFO]: <PrincParshia> bruh
[15:28:40] [Server thread/INFO]: Omnixerion has made the advancement [Diamonds!]
[15:29:38] [Server thread/INFO]: <PrincParshia> come
[15:29:47] [Server thread/INFO]: <PrincParshia> dont make things here
[15:29:52] [Server thread/INFO]: <PrincParshia> were gonna move
[15:30:01] [Server thread/INFO]: <Omnixerion> Why
[15:30:10] [Server thread/INFO]: <PrincParshia> ma frnds will come
[15:30:44] [Server thread/INFO]: Omnixerion has made the advancement [A Seedy Place]
[15:30:58] [Server thread/INFO]: <Omnixerion> This base is ok enough imo
[15:31:14] [Server thread/INFO]: <PrincParshia> but they will steal things
[15:31:30] [Server thread/INFO]: <Omnixerion> Why no claims plugin then?
[15:32:10] [Server thread/INFO]: <PrincParshia> make something
[15:32:12] [Server thread/INFO]: <PrincParshia> dont waste
[15:32:22] [Server thread/INFO]: <Omnixerion> ?
[15:33:16] [Server thread/INFO]: <PrincParshia> dont waste diamonf
[15:33:26] [Server thread/INFO]: <PrincParshia> they are killing me. they cant even install mc
[15:33:28] [Server thread/INFO]: <Omnixerion> Why no claims plugin???
[15:33:29] [Server thread/INFO]: <PrincParshia> uhh
[15:33:31] [Server thread/INFO]: <PrincParshia> idk
[15:33:48] [Server thread/INFO]: <PrincParshia> they will still kill u. so we gotta make our hidden base
[15:33:51] [Server thread/INFO]: <PrincParshia> for personal things
[15:33:58] [Server thread/INFO]: <PrincParshia> we can make a meeting area anyways
[15:34:07] [Server thread/INFO]: <Omnixerion> Hmm
[15:34:45] [Server thread/INFO]: <Omnixerion> Should I make armor or no?
[15:34:55] [Server thread/INFO]: <PrincParshia> your will
[15:35:00] [Server thread/INFO]: <PrincParshia> just dont waste
[15:35:21] [Server thread/INFO]: <Omnixerion> Armor might not be the best way then... Idk
[15:35:54] [Server thread/INFO]: <PrincParshia> w8
[15:35:56] [Server thread/INFO]: <PrincParshia> im afk
[15:36:04] [Server thread/INFO]: Omnixerion has made the advancement [Cover Me with Diamonds]
[15:43:26] [Server thread/INFO]: <Omnixerion> Plugins should still be a good, /tpa for example
[15:43:47] [Server thread/INFO]: <Omnixerion> But that is just my opinion
[15:44:01] [Server thread/INFO]: <Omnixerion> Also /home, /sethome
[15:44:16] [Server thread/INFO]: <PrincParshia> we prefer full vanilla server
[15:44:23] [Server thread/INFO]: <PrincParshia> home is somekinda tp
[15:44:28] [Server thread/INFO]: <PrincParshia> cheating kind of
[15:44:42] [Server thread/INFO]: <PrincParshia> crystallized beacons is just a mobs killing mod
[15:44:43] [Server thread/INFO]: <Omnixerion> Cheating is only cheating if others can't do it
[15:45:28] [Server thread/INFO]: <Omnixerion> If everyone can use /home and /sethome, it won't be cheating
[15:45:28] [Server thread/INFO]: <PrincParshia> make tools with these
[15:45:58] [Server thread/INFO]: Omnixerion has made the advancement [Isn't It Iron Pick]
[15:46:42] [Server thread/INFO]: <PrincParshia> someones comming
[15:46:49] [Server thread/INFO]: <Omnixerion> How in the world am I already tired
[15:47:00] [Server thread/INFO]: <PrincParshia> ill beat him first,
[15:47:10] [Server thread/INFO]: <PrincParshia> bros a literal dumb
[15:47:15] [Server thread/INFO]: <Omnixerion> Eepy
[15:47:25] [Server thread/INFO]: <Omnixerion> Ooo thunder
[15:47:32] [Server thread/INFO]: <PrincParshia> i tech him everything to download mc
[15:47:34] [Server thread/INFO]: <PrincParshia> 1 to 1
[15:48:06] [Server thread/INFO]: <Omnixerion> MoistureCraft
[15:48:25] [Server thread/INFO]: <PrincParshia> only ur using playit
[15:48:30] [Server thread/INFO]: <PrincParshia> they using tailscale
[15:48:58] [Server thread/INFO]: <PrincParshia> they are asking whats the name of the server :head_palm:
[15:49:13] [Server thread/INFO]: <Omnixerion> :facepalm:
[15:49:16] [GeyserServerChild-4-1/INFO]: Player connected with username NAZAT1081 (944)
[15:49:16] [localSession-7-1/INFO]: NAZAT1081 (logged in as: NAZAT1081) has connected to the Java server
[15:49:16] [pool-6-thread-1/INFO]: Floodgate player who is logged in as .NAZAT1081 00000000-0000-0000-0009-01fc4ba2a7db joined
[15:49:17] [Server thread/INFO]: .NAZAT1081[/100.127.31.103:0] logged in with entity id 3229 at (8.5, 72.0, 6.5)
[15:49:17] [Server thread/INFO]: Floodgate player logged in as .NAZAT1081 joined (UUID: 00000000-0000-0000-0009-01fc4ba2a7db)
[15:49:17] [Server thread/INFO]: .NAZAT1081 joined the game
[15:49:19] [Server thread/INFO]: <PrincParshia> cooked
[15:49:23] [Server thread/INFO]: <Omnixerion> Molten
[15:49:26] [Server thread/INFO]: <PrincParshia> age pidaya loi
[15:49:35] [Server thread/INFO]: <PrincParshia> fadaya falamu
[15:49:58] [Server thread/INFO]: <PrincParshia> come bro
[15:50:13] [Server thread/INFO]: <PrincParshia> pidai
[15:50:21] [Server thread/INFO]: <PrincParshia> armor banao
[15:50:31] [Server thread/INFO]: <PrincParshia> naki banaya dimu
[15:50:41] [Server thread/INFO]: <Omnixerion> Engrish
[15:50:45] [Server thread/INFO]: <PrincParshia> heit
[15:50:48] [Server thread/INFO]: <Omnixerion> *jk
[15:50:52] [Server thread/INFO]: <PrincParshia> lol
[15:51:11] [Server thread/WARN]: Failed to update secure chat state for .NAZAT1081: 'Chat disabled due to missing profile public key. Please try reconnecting.'
[15:51:16] [Server thread/INFO]: <PrincParshia> amra amago base banamu, tumi risan go loge thaikko
[15:51:19] [Server thread/INFO]: <PrincParshia> buccho
[15:51:42] [Server thread/INFO]: <PrincParshia> hey
[15:51:46] [Server thread/INFO]: <Omnixerion> Ey
[15:51:50] [Server thread/INFO]: <PrincParshia> i dont eat pork
[15:52:05] [Server thread/INFO]: <PrincParshia> tumi risan er loge thaikko
[15:52:33] [Server thread/INFO]: <PrincParshia> oy
[15:52:47] [Server thread/INFO]: <PrincParshia> bro
[15:52:53] [GeyserServerChild-4-1/INFO]: NAZAT1081 has disconnected from the Java server because of Bedrock client timed out
[15:52:53] [Geyser Fabric connection thread-6-2/INFO]: Floodgate player logged in as .NAZAT1081 disconnected
[15:52:53] [Server thread/INFO]: .NAZAT1081 lost connection: Disconnected
[15:52:53] [Server thread/INFO]: .NAZAT1081 left the game
[15:52:54] [Server thread/INFO]: <PrincParshia> he got full ping
[15:52:58] [Server thread/INFO]: <PrincParshia> bruh
[15:53:00] [Server thread/INFO]: <Omnixerion> Haiii
[15:53:05] [Server thread/INFO]: <Omnixerion> :shark:
[15:53:41] [Server thread/INFO]: <PrincParshia> their father got home ig
[15:54:22] [Server thread/INFO]: <Omnixerion> Welp
[15:54:54] [Server thread/INFO]: <PrincParshia> les go
[15:54:59] [Server thread/INFO]: <PrincParshia> find our new place
[15:55:01] [Server thread/INFO]: <Omnixerion> *let's
[15:55:06] [Server thread/INFO]: <PrincParshia> whats your render distance
[15:55:18] [Server thread/INFO]: <Omnixerion> 12
[15:55:19] [Server thread/INFO]: <PrincParshia> "les" is genz style
[15:55:24] [Server thread/INFO]: <PrincParshia> increase it
[15:55:32] [Server thread/INFO]: <PrincParshia> oh
[15:55:37] [Server thread/INFO]: <PrincParshia> server forced it
[15:55:41] [Server thread/INFO]: <PrincParshia> i gotta restart
[15:55:46] [Server thread/INFO]: <PrincParshia> the server
[15:55:47] [Server thread/INFO]: <Omnixerion> Oh noes
[15:55:55] [Server thread/INFO]: <PrincParshia> ill do 16
[15:55:58] [Server thread/INFO]: <Omnixerion> Nah 32
[15:56:11] [Server thread/INFO]: <Omnixerion> Server go boom
[15:56:15] [Server thread/INFO]: <PrincParshia> simulation distance will increase too
[15:56:17] [Server thread/INFO]: <PrincParshia> ig
[15:56:26] [Server thread/INFO]: <PrincParshia> w8
[15:56:27] [Server thread/INFO]: <PrincParshia> lemme see
[15:56:32] [Server thread/INFO]: <Omnixerion> \chicken
[15:56:59] [Server thread/INFO]: <Omnixerion> \setmotd Hehehe
[15:57:22] [Server thread/INFO]: <Omnixerion> \fotmat servercorex:owner hehehehe
[15:57:46] [GeyserServerChild-4-2/INFO]: Player connected with username NAZAT1081 (944)
[15:57:46] [localSession-7-2/INFO]: NAZAT1081 (logged in as: NAZAT1081) has connected to the Java server
[15:57:46] [pool-6-thread-2/INFO]: Floodgate player who is logged in as .NAZAT1081 00000000-0000-0000-0009-01fc4ba2a7db joined
[15:57:46] [Server thread/INFO]: .NAZAT1081[/100.127.31.103:0] logged in with entity id 4741 at (4.807143, 72.0, 7.8047857)
[15:57:46] [Server thread/INFO]: Floodgate player logged in as .NAZAT1081 joined (UUID: 00000000-0000-0000-0009-01fc4ba2a7db)
[15:57:46] [Server thread/INFO]: .NAZAT1081 joined the game
[15:58:04] [Server thread/INFO]: <PrincParshia> age maira loi
[15:58:08] [Server thread/INFO]: <PrincParshia> ekbar
[15:58:24] [GeyserServerChild-4-2/INFO]: NAZAT1081 has disconnected from the Java server because of Bedrock client timed out
[15:58:24] [Geyser Fabric connection thread-6-3/INFO]: Floodgate player logged in as .NAZAT1081 disconnected
[15:58:24] [Server thread/INFO]: .NAZAT1081 lost connection: Disconnected
[15:58:24] [Server thread/INFO]: .NAZAT1081 left the game
[15:58:45] [Server thread/INFO]: <PrincParshia> sleep
[15:59:05] [Server thread/INFO]: <Omnixerion> Me when other language: こんにちは
[15:59:18] [Server thread/INFO]: <PrincParshia> lol
[15:59:59] [Server thread/INFO]: <Omnixerion> こんにちは、今日はどうですか？
[16:00:25] [Server thread/INFO]: <PrincParshia> uhh
[16:00:26] [Server thread/INFO]: <Omnixerion> 笑
[16:00:33] [Server thread/INFO]: <PrincParshia> i was talking with him
[16:00:34] [Server thread/INFO]: <PrincParshia> not ya
[16:01:02] [Server thread/INFO]: <Omnixerion> わかったけど、これからはやっぱり日本語しか話さないよ
[16:01:07] [Server thread/INFO]: <PrincParshia> na
[16:01:08] [Server thread/INFO]: <PrincParshia> na
[16:01:22] [Server thread/INFO]: <PrincParshia> lemme fix him
[16:01:36] [GeyserServerChild-4-3/INFO]: Player connected with username NAZAT1081 (944)
[16:01:36] [localSession-7-3/INFO]: NAZAT1081 (logged in as: NAZAT1081) has connected to the Java server
[16:01:36] [pool-6-thread-3/INFO]: Floodgate player who is logged in as .NAZAT1081 00000000-0000-0000-0009-01fc4ba2a7db joined
[16:01:37] [Server thread/INFO]: .NAZAT1081[/100.127.31.103:0] logged in with entity id 5424 at (4.807143, 72.0, 7.8047857)
[16:01:37] [Server thread/INFO]: Floodgate player logged in as .NAZAT1081 joined (UUID: 00000000-0000-0000-0009-01fc4ba2a7db)
[16:01:37] [Server thread/INFO]: .NAZAT1081 joined the game
[16:02:22] [Server thread/INFO]: <PrincParshia> come
[16:02:24] [Server thread/INFO]: <Omnixerion> こんにちは、私は日本語しか話せません
[16:02:28] [Server thread/INFO]: <PrincParshia> bro no
[16:02:31] [Server thread/INFO]: <Omnixerion> Ok
[16:02:59] [Server thread/INFO]: <PrincParshia> village khujmu
[16:03:06] [Server thread/INFO]: <PrincParshia> qboi
[16:03:11] [Server thread/INFO]: <PrincParshia> les go find a vilage
[16:03:12] [Server thread/INFO]: <Omnixerion> Sorry that I made a joke that you don't like
[16:03:17] [Server thread/INFO]: <PrincParshia> for our base
[16:03:19] [Server thread/INFO]: <Omnixerion> *didn't
[16:03:31] [Server thread/INFO]: <PrincParshia> not our personal base, everyones base
[16:03:37] [Server thread/INFO]: <Omnixerion> Hmm
[16:03:39] [Server thread/INFO]: <Omnixerion> Eh
[16:03:39] [Server thread/INFO]: <PrincParshia> nazat ao
[16:03:39] [GeyserServerChild-4-3/INFO]: NAZAT1081 has disconnected from the Java server because of Bedrock client timed out
[16:03:39] [Geyser Fabric connection thread-6-4/INFO]: Floodgate player logged in as .NAZAT1081 disconnected
[16:03:39] [Server thread/INFO]: .NAZAT1081 lost connection: Disconnected
[16:03:39] [Server thread/INFO]: .NAZAT1081 left the game
[16:03:50] [Server thread/INFO]: <PrincParshia> why is bro leaving
[16:03:51] [Server thread/INFO]: <Omnixerion> Ping be like:
[16:03:54] [Server thread/INFO]: <PrincParshia> no
[16:04:00] [Server thread/INFO]: <PrincParshia> his mobile problem
[16:04:06] [Server thread/INFO]: <Omnixerion> Ok
[16:04:10] [Server thread/INFO]: <PrincParshia> his little brother isnt letting him play
[16:04:58] [Server thread/INFO]: <PrincParshia> where r u
[16:05:19] [Server thread/INFO]: <PrincParshia> whatcha doing there
[16:05:24] [Server thread/INFO]: <Omnixerion> Imma join using bugrock
[16:05:28] [Server thread/INFO]: <PrincParshia> no
[16:05:35] [Server thread/INFO]: <PrincParshia> youll lose your inv
[16:05:35] [Server thread/INFO]: <Omnixerion> Why not?
[16:05:43] [Server thread/INFO]: <Omnixerion> I join on both then lol
[16:05:50] [Server thread/INFO]: <PrincParshia> you cant join with bugrock without tailscale
[16:06:00] [Server thread/INFO]: <PrincParshia> playit doesnt work
[16:06:01] [Server thread/INFO]: <Omnixerion> Eh whatever
[16:06:35] [GeyserServerChild-4-4/INFO]: Player connected with username NAZAT1081 (944)
[16:06:35] [localSession-7-4/INFO]: NAZAT1081 (logged in as: NAZAT1081) has connected to the Java server
[16:06:35] [pool-6-thread-4/INFO]: Floodgate player who is logged in as .NAZAT1081 00000000-0000-0000-0009-01fc4ba2a7db joined
[16:06:35] [Server thread/INFO]: .NAZAT1081[/100.127.31.103:0] logged in with entity id 6319 at (-5.534626, 72.0, 17.329742)
[16:06:35] [Server thread/INFO]: Floodgate player logged in as .NAZAT1081 joined (UUID: 00000000-0000-0000-0009-01fc4ba2a7db)
[16:06:35] [Server thread/INFO]: .NAZAT1081 joined the game
[16:06:57] [Server thread/INFO]: <PrincParshia> omni w8
[16:07:17] [Server thread/INFO]: <Omnixerion> Oh wait why am I called Omnixerion still :skull:
[16:07:29] [Server thread/INFO]: <PrincParshia> xyper
[16:07:32] [Server thread/INFO]: <PrincParshia> fine?
[16:07:37] [Server thread/INFO]: <Omnixerion> No, Qboi
[16:07:40] [Server thread/INFO]: <PrincParshia> oi
[16:07:42] [Server thread/INFO]: <PrincParshia> on korso
[16:07:46] [Server thread/INFO]: <PrincParshia> side e
[16:07:51] [Server thread/INFO]: <PrincParshia> ?
[16:07:57] [Server thread/INFO]: <PrincParshia> on koro
[16:08:02] [Server thread/INFO]: <PrincParshia> naile abar off hoyajabo
[16:08:10] [Server thread/INFO]: <PrincParshia> eidke ao
[16:08:21] [Server thread/WARN]: Failed to update secure chat state for .NAZAT1081: 'Chat disabled due to missing profile public key. Please try reconnecting.'
[16:08:50] [Server thread/INFO]: <PrincParshia> amar loge ao
[16:08:53] [Server thread/INFO]: <PrincParshia> village khujmu
[16:09:20] [Server thread/INFO]: Omnixerion lost connection: Disconnected
[16:09:20] [Server thread/INFO]: Omnixerion left the game
[16:09:36] [Server thread/INFO]: <PrincParshia> bed loya ai
[16:09:40] [Server thread/INFO]: <PrincParshia> w8
[16:09:41] [Server thread/INFO]: <PrincParshia> darao
[16:09:54] [Server thread/INFO]: <PrincParshia> ayo na
[16:10:00] [Server thread/INFO]: <PrincParshia> aiso na
[16:10:39] [Server thread/INFO]: .NAZAT1081 has made the advancement [Sweet Dreams]
[16:11:00] [Server thread/INFO]: <PrincParshia> heitt
[16:11:24] [Server thread/INFO]: <PrincParshia> side e khulso?
[16:11:33] [Server thread/INFO]: <PrincParshia> kk
[16:11:44] [Server thread/INFO]: <PrincParshia> villange kondike khujmu
[16:11:51] [Server thread/INFO]: <PrincParshia> jayga to onek gula
[16:11:56] [Server thread/INFO]: <PrincParshia> upore ao
[16:12:27] [User Authenticator #8/INFO]: UUID of player QboiMC is 43e3b67b-688b-4dae-b2f2-4e986c951ce0
[16:12:32] [Server thread/INFO]: QboiMC[/127.75.169.183:32891] logged in with entity id 7594 at (3.959006500448216, 71.0, 210.62125771816713)
[16:12:32] [Server thread/INFO]: QboiMC (formerly known as Omnixerion) joined the game
[16:12:37] [Server thread/INFO]: <PrincParshia> aaaaaaaaaaaaaaaaaaaaaaaaaaaaaaaaaaaaaaaaaaaaaaaaa
[16:12:42] [Server thread/INFO]: <PrincParshia> why u making more acounts
[16:12:48] [Server thread/INFO]: <QboiMC> No?
[16:12:52] [Server thread/INFO]: <PrincParshia> why is that name so long
[16:13:00] [Server thread/INFO]: <PrincParshia> did u change ur ac
[16:13:07] [Server thread/INFO]: <PrincParshia> name
[16:13:07] [Server thread/INFO]: <QboiMC> I just changed my usernamer
[16:13:10] [Server thread/INFO]: <PrincParshia> oh
[16:13:11] [Server thread/INFO]: <QboiMC> *username
[16:13:31] [Server thread/INFO]: <PrincParshia> it says "QboiMC (formally known as Omnixerion)"
[16:13:32] [Server thread/INFO]: <QboiMC> I'm not going to pay for another account
[16:13:34] [Server thread/INFO]: <PrincParshia> good code
[16:13:38] [Server thread/INFO]: <PrincParshia> come
[16:13:40] [Server thread/INFO]: <PrincParshia> to us
[16:13:46] [Server thread/INFO]: <PrincParshia> look at your xp bar
[16:13:54] [Server thread/INFO]: <PrincParshia> oi mia koi jao
[16:13:57] [Server thread/INFO]: <QboiMC> I don't see anything
[16:14:01] [Server thread/INFO]: <PrincParshia> were at our base
[16:14:16] [Server thread/INFO]: <PrincParshia> on top of the mountain
[16:14:23] [Server thread/INFO]: <PrincParshia> nazatttttt
[16:14:25] [Server thread/INFO]: <PrincParshia> koi jao
[16:14:54] [Server thread/INFO]: <PrincParshia> mair khaiba
[16:15:02] [Server thread/INFO]: <PrincParshia> come
[16:15:04] [Server thread/INFO]: <PrincParshia> bro
[16:15:20] [Server thread/INFO]: <PrincParshia> look up
[16:15:23] [Server thread/INFO]: <PrincParshia> bruh
[16:16:02] [Server thread/INFO]: <PrincParshia> uh
[16:16:25] [Server thread/INFO]: <PrincParshia> nazat ao
[16:16:45] [Server thread/INFO]: <PrincParshia> nazat messege dite paro na
[16:17:29] [Server thread/INFO]: <QboiMC> I love lag (jk)
[16:18:22] [Server thread/INFO]: <PrincParshia> wow
[16:19:38] [Server thread/INFO]: <PrincParshia> satar kat
[16:20:29] [Server thread/INFO]: <PrincParshia> come on
[16:20:32] [Server thread/INFO]: <PrincParshia> u can do it
[16:20:40] [Server thread/INFO]: <PrincParshia> coola
[16:20:54] [Server thread/INFO]: <PrincParshia> do u have bed
[16:21:09] [Server thread/INFO]: <QboiMC> Oop
[16:21:12] [Server thread/INFO]: <PrincParshia> i have
[16:21:13] [Server thread/INFO]: <QboiMC> :skull:
[16:21:13] [Server thread/INFO]: <PrincParshia> w8
[16:21:16] [Server thread/INFO]: <PrincParshia> lemme make one
[16:22:02] [Server thread/INFO]: <QboiMC> Oop
[16:22:03] [Server thread/INFO]: <PrincParshia> why u laggin
[16:22:11] [Server thread/INFO]: <QboiMC> I always lag
[16:22:16] [Server thread/INFO]: <PrincParshia> view distance sucks
[16:22:48] [Server thread/INFO]: <PrincParshia> messenger dekho
[16:23:58] [Server thread/INFO]: <PrincParshia> mara lagbo na
[16:23:59] [Server thread/INFO]: <PrincParshia> ao
[16:24:01] [Server thread/INFO]: <PrincParshia> bro
[16:25:07] [Server thread/INFO]: <PrincParshia> it isnt ending
[16:25:11] [Server thread/INFO]: <PrincParshia> bruh
[16:25:23] [Server thread/INFO]: <PrincParshia> we should not make our base that far
[16:25:32] [Server thread/INFO]: <PrincParshia> we can kidnap some vills
[16:25:52] [Server thread/INFO]: <PrincParshia> thats a forest
[16:26:17] [Server thread/INFO]: <PrincParshia> oidike jayo na
[16:26:20] [Server thread/INFO]: <PrincParshia> jongol
[16:26:32] [Server thread/INFO]: <PrincParshia> swamp
[16:26:42] [Server thread/INFO]: <PrincParshia> theres nothing this way
[16:26:56] [Server thread/INFO]: <PrincParshia> hes trynna tame a horse
[16:27:20] [Server thread/INFO]: <PrincParshia> w88
[16:27:22] [Server thread/INFO]: <PrincParshia> we need food
[16:27:27] [Server thread/INFO]: <PrincParshia> to cook food*
[16:27:44] [Server thread/INFO]: <PrincParshia> churi koiro na
[16:27:49] [Server thread/INFO]: .NAZAT1081 has made the advancement [Stone Age]
[16:27:51] [Server thread/INFO]: <PrincParshia> moira jamu
[16:28:39] [Server thread/WARN]: .NAZAT1081 moved wrongly!
[16:29:17] [Server thread/INFO]: <PrincParshia> koi jao
[16:29:32] [Server thread/INFO]: <PrincParshia> what ya doing there
[16:29:49] [Server thread/INFO]: <PrincParshia> #touch grass
[16:29:54] [Server thread/INFO]: <QboiMC> Getting some fresh air
[16:29:59] [Server thread/INFO]: <PrincParshia> xd
[16:30:14] [Server thread/INFO]: <QboiMC> meow
[16:30:18] [Server thread/INFO]: <PrincParshia> woof
[16:30:22] [Server thread/INFO]: <QboiMC> mewo
[16:30:29] [Server thread/INFO]: <PrincParshia> abe ladle mewo gok gok
[16:30:32] [Server thread/INFO]: <PrincParshia> nazat :)
[16:30:38] [Server thread/INFO]: <QboiMC> :3
[16:30:44] [Server thread/INFO]: <PrincParshia> u dont understant it
[16:30:45] [Server thread/INFO]: <PrincParshia> lol
[16:30:53] [Server thread/INFO]: <PrincParshia> thats another lang
[16:31:19] [Server thread/INFO]: <QboiMC> Oke, zou ik dan ook Nederlands praten?
[16:31:24] [Server thread/INFO]: <PrincParshia> na
[16:31:31] [Server thread/INFO]: <PrincParshia> i dont understand either
[16:31:39] [Server thread/INFO]: <QboiMC> Dutch moment
[16:32:04] [GeyserServerChild-4-4/INFO]: NAZAT1081 has disconnected from the Java server because of Bedrock client timed out
[16:32:04] [Geyser Fabric connection thread-6-5/INFO]: Floodgate player logged in as .NAZAT1081 disconnected
[16:32:04] [Server thread/INFO]: .NAZAT1081 lost connection: Disconnected
[16:32:04] [Server thread/INFO]: .NAZAT1081 left the game
[16:32:06] [Server thread/INFO]: <PrincParshia> if we had disco mod
[16:32:09] [Server thread/INFO]: <QboiMC> Oop
[16:33:15] [Server thread/INFO]: <PrincParshia> lets hand pvp
[16:33:23] [Server thread/INFO]: <QboiMC> I have only a touchpasd
[16:33:27] [Server thread/INFO]: <QboiMC> So pls no
[16:33:31] [Server thread/INFO]: <PrincParshia> fund
[16:33:33] [Server thread/INFO]: <PrincParshia> fun*
[16:33:37] [Server thread/INFO]: <QboiMC> No
[16:33:39] [Server thread/INFO]: <PrincParshia> plz
[16:33:42] [Server thread/INFO]: <QboiMC> No
[16:33:49] [Server thread/INFO]: QboiMC lost connection: Disconnected
[16:33:49] [Server thread/INFO]: QboiMC left the game
[16:35:06] [Server thread/INFO]: PrincParshia lost connection: Disconnected
[16:35:06] [Server thread/INFO]: PrincParshia left the game
[16:36:03] [Server thread/INFO]: Stopping the server
[16:36:03] [Server thread/INFO]: Shutting down Geyser.
[16:36:04] [Server thread/INFO]: Geyser shutdown successfully.
[16:36:04] [WebSocketConnectReadThread-142/INFO]: The skin uploader has been closed
[16:36:06] [Server thread/INFO]: Stopping server
[16:36:06] [Server thread/INFO]: Saving players
[16:36:06] [Server thread/INFO]: Saving worlds
[16:36:06] [Server thread/INFO]: Saving chunks for level 'ServerLevel[world]'/minecraft:overworld
[16:36:06] [Server thread/INFO]: Saving chunks for level 'ServerLevel[world]'/minecraft:the_nether
[16:36:06] [Server thread/INFO]: Saving chunks for level 'ServerLevel[world]'/minecraft:the_end
[16:36:06] [Server thread/INFO]: ThreadedAnvilChunkStorage (world): All chunks are saved
[16:36:06] [Server thread/INFO]: ThreadedAnvilChunkStorage (DIM-1): All chunks are saved
[16:36:06] [Server thread/INFO]: ThreadedAnvilChunkStorage (DIM1): All chunks are saved
[16:36:06] [Server thread/INFO]: ThreadedAnvilChunkStorage: All dimensions are saved
